<?xml version="1.0" encoding="UTF-8"?>
<!-- Generated by org.testng.reporters.JUnitReportReporter -->
<testsuite hostname="HCM5CG5506BLZ" name="com.javapassion.examples.bank.services.AccountServiceTestNGContextTests" tests="2" failures="0" timestamp="7 Aug 2017 17:37:12 GMT" time="0.000" errors="0">
  <testcase name="deposit" time="0.000" classname="com.javapassion.examples.bank.services.AccountServiceTestNGContextTests"/>
  <testcase name="withDraw" time="0.000" classname="com.javapassion.examples.bank.services.AccountServiceTestNGContextTests"/>
</testsuite>
